NOTE: Picked up JDK_JAVA_OPTIONS:  --add-opens=java.base/sun.nio.ch=ALL-UNNAMED --add-opens=java.base/sun.nio.cs=ALL-UNNAMED --add-opens=java.base/java.io=ALL-UNNAMED --add-opens=java.base/java.lang=ALL-UNNAMED --add-opens=java.base/java.lang.annotation=ALL-UNNAMED --add-opens=java.base/java.lang.invoke=ALL-UNNAMED --add-opens=java.base/java.lang.module=ALL-UNNAMED --add-opens=java.base/java.lang.ref=ALL-UNNAMED --add-opens=java.base/java.lang.reflect=ALL-UNNAMED --add-opens=java.base/java.math=ALL-UNNAMED --add-opens=java.base/java.net=ALL-UNNAMED --add-opens=java.base/java.net.spi=ALL-UNNAMED --add-opens=java.base/java.nio=ALL-UNNAMED --add-opens=java.base/java.nio.channels=ALL-UNNAMED --add-opens=java.base/java.nio.channels.spi=ALL-UNNAMED --add-opens=java.base/java.nio.charset=ALL-UNNAMED --add-opens=java.base/java.nio.charset.spi=ALL-UNNAMED --add-opens=java.base/java.nio.file=ALL-UNNAMED --add-opens=java.base/java.nio.file.attribute=ALL-UNNAMED --add-opens=java.base/java.nio.file.spi=ALL-UNNAMED --add-opens=java.base/java.security=ALL-UNNAMED --add-opens=java.base/java.security.cert=ALL-UNNAMED --add-opens=java.base/java.security.interfaces=ALL-UNNAMED --add-opens=java.base/java.security.spec=ALL-UNNAMED --add-opens=java.base/java.text=ALL-UNNAMED --add-opens=java.base/java.text.spi=ALL-UNNAMED --add-opens=java.base/java.time=ALL-UNNAMED --add-opens=java.base/java.time.chrono=ALL-UNNAMED --add-opens=java.base/java.time.format=ALL-UNNAMED --add-opens=java.base/java.time.temporal=ALL-UNNAMED --add-opens=java.base/java.time.zone=ALL-UNNAMED --add-opens=java.base/java.util=ALL-UNNAMED --add-opens=java.base/java.util.concurrent=ALL-UNNAMED --add-opens=java.base/java.util.concurrent.atomic=ALL-UNNAMED --add-opens=java.base/java.util.concurrent.locks=ALL-UNNAMED --add-opens=java.base/java.util.function=ALL-UNNAMED --add-opens=java.base/java.util.jar=ALL-UNNAMED --add-opens=java.base/java.util.regex=ALL-UNNAMED --add-opens=java.base/java.util.spi=ALL-UNNAMED --add-opens=java.base/java.util.stream=ALL-UNNAMED --add-opens=java.base/java.util.zip=ALL-UNNAMED --add-opens=java.base/javax.crypto=ALL-UNNAMED --add-opens=java.base/javax.crypto.interfaces=ALL-UNNAMED --add-opens=java.base/javax.crypto.spec=ALL-UNNAMED --add-opens=java.base/javax.net=ALL-UNNAMED --add-opens=java.base/javax.net.ssl=ALL-UNNAMED --add-opens=java.base/javax.security.auth=ALL-UNNAMED --add-opens=java.base/javax.security.auth.callback=ALL-UNNAMED --add-opens=java.base/javax.security.auth.login=ALL-UNNAMED --add-opens=java.base/javax.security.auth.spi=ALL-UNNAMED --add-opens=java.base/javax.security.auth.x500=ALL-UNNAMED --add-opens=java.base/javax.security.cert=ALL-UNNAMED --add-opens=java.base/sun.net.www.protocol.https=ALL-UNNAMED --add-opens=java.desktop/com.sun.java.swing.plaf.motif=ALL-UNNAMED --add-opens=java.desktop/com.sun.java.swing.plaf.windows=ALL-UNNAMED --add-opens=java.desktop/javax.swing.plaf.nimbus=ALL-UNNAMED --add-opens=java.desktop/sun.java2d=ALL-UNNAMED --add-opens=java.rmi/sun.rmi.transport=ALL-UNNAMED --add-opens=java.base/sun.security.rsa=ALL-UNNAMED --add-opens=java.base/sun.security.pkcs=ALL-UNNAMED --add-opens=java.base/sun.security.x509=ALL-UNNAMED --add-opens=java.base/sun.security.util=ALL-UNNAMED --add-opens=java.base/sun.util.cldr=ALL-UNNAMED --add-opens=java.base/sun.util=ALL-UNNAMED --add-opens=java.base/sun.util.locale.provider=ALL-UNNAMED --add-opens=java.management/sun.management=ALL-UNNAMED  --add-exports=java.desktop/sun.java2d=ALL-UNNAMED --add-exports=java.base/sun.util=ALL-UNNAMED
WARNING: package com.sun.java.swing.plaf.windows not in java.desktop
Listening for transport dt_socket at address: 8888
[INFO ] runwar.server: ******************************************************************************
[INFO ] runwar.server: Starting Runwar
[INFO ] runwar.server:   - Runwar Version: 6.0.0
[INFO ] runwar.server:   - Java Version: 21.0.7+6-LTS (Eclipse Adoptium)
[INFO ] runwar.server:   - Java Home: /Users/lmajano/.CommandBox/serverJREs/openjdk21_jdk_aarch64_mac_hotspot_jdk-21.0.7+6
[INFO ] runwar.server: ******************************************************************************
[INFO ] runwar.server: Listeners:
[INFO ] runwar.server:   - Binding HTTP on 127.0.0.1:8080
[WARN ] runwar.server:   Error setting dock icon image
java.lang.IllegalAccessException: class runwar.Server cannot access class com.apple.eawt.Application (in module java.desktop) because module java.desktop does not export com.apple.eawt to unnamed module @22ff4249
	at java.base/jdk.internal.reflect.Reflection.newIllegalAccessException(Reflection.java:394) ~[?:?]
	at java.base/java.lang.reflect.AccessibleObject.checkAccess(AccessibleObject.java:714) ~[?:?]
	at java.base/java.lang.reflect.Method.invoke(Method.java:571) ~[?:?]
	at runwar.Server.startServer(Server.java:264) [runwar-jakarta.jar:6.0.0]
	at runwar.Start.main(Start.java:44) [runwar-jakarta.jar:6.0.0]
[INFO ] runwar.server: ******************************************************************************
[INFO ] runwar.server: Configuring Servlet
[INFO ] runwar.server:   Found WEB-INF: '/Users/lmajano/Sites/training/workshop-getting-started-with-boxlang/src/bx/ide-demo/servlet/.engine/WEB-INF'
[INFO ] runwar.server: ******************************************************************************
[INFO ] runwar.server: Creating deployment [default]
[INFO ] runwar.server:     Web Root: /Users/lmajano/Sites/training/workshop-getting-started-with-boxlang/src/bx/ide-demo/servlet
[INFO ] runwar.context: Ortus BoxLang Servlet initializing...
[INFO ] runwar.context: Ortus BoxLang Servlet home: /Users/lmajano/Sites/training/workshop-getting-started-with-boxlang/src/bx/ide-demo/servlet/.engine/WEB-INF/boxlang
2025-04-30 17:05:59.674 java[91301:83317133] +[IMKClient subclass]: chose IMKClient_Modern
2025-04-30 17:05:59.674 java[91301:83317133] +[IMKInputSession subclass]: chose IMKInputSession_Modern
[INFO ] runwar.context: Ortus BoxLang Servlet initialized!
[INFO ] runwar.context: Ortus BoxLang Version: 1.0.0+37 (Built On: 2025-04-30 02:19:43)
[INFO ] runwar.server: ******************************************************************************
[INFO ] runwar.server: Server is up - stop-port:57442 PID:91301 version 6.0.0
[INFO ] runwar.server: Starting 'stop' listener thread - Host: 127.0.0.1 - Socket: 57442
[INFO ] runwar.server: Waiting up to 240 seconds for stop port 127.0.0.1:57442...
[INFO ] runwar.server: Opening browser to url: http://127.0.0.1:8080
